<?xml version="1.0" encoding="UTF-8"?>
<testsuite xmlns:xsi="http://www.w3.org/2001/XMLSchema-instance" xsi:noNamespaceSchemaLocation="https://maven.apache.org/surefire/maven-surefire-plugin/xsd/surefire-test-report.xsd" name="com.parkit.parkingsystem.integration.ParkingSpotDAOIT" time="1.236" tests="2" errors="0" skipped="0" failures="0">
  <properties>
[...]
</properties>
  <testcase name="testGetNextAvailableSlot" classname="com.parkit.parkingsystem.integration.ParkingSpotDAOIT" time="0.804"/>
  <testcase name="testUpdateParking" classname="com.parkit.parkingsystem.integration.ParkingSpotDAOIT" time="0.082"/>
</testsuite>